<?xml version="1.0" encoding="UTF-8"?>
<!-- Generated by org.testng.reporters.JUnitReportReporter -->
<testsuite skipped="0" hostname="DESKTOP-REVKL7J" name="udemyEcommerceApp.ecommerce_ExtraScenarios" tests="1" failures="0" timestamp="2019-09-28T16:43:05 IST" time="50.010" errors="0">
  <testcase name="Test02_AddExtraItemToCart" time="50.010" classname="udemyEcommerceApp.ecommerce_ExtraScenarios"/>
</testsuite> <!-- udemyEcommerceApp.ecommerce_ExtraScenarios -->
