<?xml version="1.0" encoding="UTF-8"?>
<!-- Generated by org.testng.reporters.JUnitReportReporter -->
<testsuite skipped="0" hostname="DESKTOP-REVKL7J" name="udemyEcommerceApp.ecommerce_HomePage" tests="3" failures="0" timestamp="2019-10-10T10:36:27 IST" time="91.332" errors="0">
  <testcase name="Test02_VerifyToastMessage" time="30.223" classname="udemyEcommerceApp.ecommerce_HomePage"/>
  <testcase name="Test01_BasicPurchaseFlow" time="29.681" classname="udemyEcommerceApp.ecommerce_HomePage"/>
  <testcase name="Test01_BasicPurchaseFlow" time="31.428" classname="udemyEcommerceApp.ecommerce_HomePage"/>
</testsuite> <!-- udemyEcommerceApp.ecommerce_HomePage -->
