<?xml version="1.0" encoding="UTF-8"?>
<!-- Generated by org.testng.reporters.JUnitReportReporter -->
<testsuite skipped="0" hostname="DESKTOP-REVKL7J" name="udemyEcommerceApp.ecommerce_TC1" tests="2" failures="0" timestamp="2019-09-15T15:49:54 IST" time="62.823" errors="0">
  <testcase name="Test02_VerifyToastMessage" time="26.695" classname="udemyEcommerceApp.ecommerce_TC1"/>
  <testcase name="Test01_BasicPurchaseFlow" time="36.128" classname="udemyEcommerceApp.ecommerce_TC1"/>
</testsuite> <!-- udemyEcommerceApp.ecommerce_TC1 -->
