<?xml version="1.0" encoding="UTF-8"?>
<!-- Generated by org.testng.reporters.JUnitReportReporter -->
<testsuite skipped="0" hostname="DESKTOP-REVKL7J" name="udemyEcommerceApp.ecommerce_ErrorScenarios" tests="1" failures="0" timestamp="2019-09-28T15:21:34 IST" time="28.415" errors="0">
  <testcase name="Test01_ValidateToastMsgClickCartOnNoItemsSelected" time="28.415" classname="udemyEcommerceApp.ecommerce_ErrorScenarios"/>
</testsuite> <!-- udemyEcommerceApp.ecommerce_ErrorScenarios -->
